Arguments: 
  /usr/bin/node /usr/share/yarn/bin/yarn.js run test

PATH: 
  /usr/local/sbin:/usr/local/bin:/usr/sbin:/usr/bin:/sbin:/bin:/usr/games:/usr/local/games:/snap/bin

Yarn version: 
  1.5.1

Node version: 
  8.10.0

Platform: 
  linux x64

npm manifest: 
  {
    "name": "05-nodejs",
    "version": "1.0.0",
    "description": "веб - прилолжение для просмотра содержимого репозитория",
    "main": "app.js",
    "scripts": {
      "test": "mocha app/test",
      "dev": "node app/app.js & gulp sass-watch",
      "prod": "node app/app.js",
      "lint": "eslint app/**/*.js --ignore-pattern node_modules/; exit 0 ",
      "hermione": "node_modules/.bin/hermione"
    },
    "author": "",
    "license": "ISC",
    "devDependencies": {
      "eslint": "^4.19.0",
      "eslint-config-airbnb-base": "^12.1.0",
      "eslint-plugin-import": "^2.9.0",
      "gulp": "^3.9.1",
      "gulp-autoprefixer": "^5.0.0",
      "gulp-csso": "^3.0.1",
      "gulp-rename": "^1.2.2",
      "gulp-sass": "^3.1.0",
      "hermione": "^0.65.2",
      "jest": "^22.4.3",
      "mocha": "^5.0.5"
    },
    "dependencies": {
      "chai": "^4.1.2",
      "sinon-express-mock": "^2.0.0",
      "sinon": "^4.5.0",
      "sinon-chai": "^3.0.0",
      "express": "^4.16.3",
      "moment": "^2.21.0",
      "pug": "^2.0.2"
    },
    "repository": {
      "type": "git",
      "url": "git+https://github.com/2gnc/node-homework.git"
    },
    "bugs": {
      "url": "https://github.com/2gnc/node-homework/issues"
    },
    "homepage": "https://github.com/2gnc/node-homework#readme"
  }

yarn manifest: 
  No manifest

Lockfile: 
  No lockfile

Trace: 
  Error: Command failed.
  Exit code: 1
  Command: sh
  Arguments: -c mocha app/test
  Directory: /home/ksenia/learn/shri/05-nodejs/node-homework
  Output:
  
      at ProcessTermError.MessageError (/usr/share/yarn/lib/cli.js:186:110)
      at new ProcessTermError (/usr/share/yarn/lib/cli.js:226:113)
      at ChildProcess.<anonymous> (/usr/share/yarn/lib/cli.js:30281:17)
      at emitTwo (events.js:126:13)
      at ChildProcess.emit (events.js:214:7)
      at maybeClose (internal/child_process.js:925:16)
      at Process.ChildProcess._handle.onexit (internal/child_process.js:209:5)
